{
  "stats": {
    "suites": 1,
    "tests": 4,
    "passes": 4,
    "pending": 0,
    "failures": 0,
    "start": "2024-11-12T19:08:30.810Z",
    "end": "2024-11-12T19:08:35.445Z",
    "duration": 4635,
    "testsRegistered": 4,
    "passPercent": 100,
    "pendingPercent": 0,
    "other": 0,
    "hasOther": false,
    "skipped": 0,
    "hasSkipped": false
  },
  "results": [
    {
      "uuid": "a2f092f7-1700-4305-a7fa-8de40d37e774",
      "title": "",
      "fullFile": "cypress\\e2e\\Adopet\\atividade-2.cy.js",
      "file": "cypress\\e2e\\Adopet\\atividade-2.cy.js",
      "beforeHooks": [],
      "afterHooks": [],
      "tests": [],
      "suites": [
        {
          "uuid": "f8f0fe49-0f33-4c7a-b188-25c879fa0239",
          "title": "AdoPet Frontend Tests",
          "fullFile": "",
          "file": "",
          "beforeHooks": [],
          "afterHooks": [],
          "tests": [
            {
              "title": "Verifique se o título da página contém \"AdoPet\"",
              "fullTitle": "AdoPet Frontend Tests Verifique se o título da página contém \"AdoPet\"",
              "timedOut": null,
              "duration": 839,
              "state": "passed",
              "speed": "fast",
              "pass": true,
              "fail": false,
              "pending": false,
              "context": null,
              "code": "cy.title().should('eq', 'AdoPet');",
              "err": {},
              "uuid": "425a9e38-8d70-4cff-9ae1-f5ea59930472",
              "parentUUID": "f8f0fe49-0f33-4c7a-b188-25c879fa0239",
              "isHook": false,
              "skipped": false
            },
            {
              "title": "Verifique se o texto \"Quem ama adota!\" está presente no HTML da página principal",
              "fullTitle": "AdoPet Frontend Tests Verifique se o texto \"Quem ama adota!\" está presente no HTML da página principal",
              "timedOut": null,
              "duration": 570,
              "state": "passed",
              "speed": "fast",
              "pass": true,
              "fail": false,
              "pending": false,
              "context": null,
              "code": "cy.contains('Quem ama adota!').should('be.visible');",
              "err": {},
              "uuid": "14a5085c-0317-4e60-8899-abd57fbfe7b9",
              "parentUUID": "f8f0fe49-0f33-4c7a-b188-25c879fa0239",
              "isHook": false,
              "skipped": false
            },
            {
              "title": "Verifique se o texto \"Adotar pode mudar uma vida. Que tal buscar seu novo melhor amigo hoje? Vem com a gente!\" está presente no HTML",
              "fullTitle": "AdoPet Frontend Tests Verifique se o texto \"Adotar pode mudar uma vida. Que tal buscar seu novo melhor amigo hoje? Vem com a gente!\" está presente no HTML",
              "timedOut": null,
              "duration": 235,
              "state": "passed",
              "speed": "fast",
              "pass": true,
              "fail": false,
              "pending": false,
              "context": null,
              "code": "cy.contains('Adotar pode mudar uma vida. Que tal buscar seu novo melhor amigo hoje? Vem com a gente!').should('be.visible');",
              "err": {},
              "uuid": "fc752760-7869-4713-b22c-48ba0b9da197",
              "parentUUID": "f8f0fe49-0f33-4c7a-b188-25c879fa0239",
              "isHook": false,
              "skipped": false
            },
            {
              "title": " Teste o login clicando no ícone de mensagem e inserindo nome e senha válidos",
              "fullTitle": "AdoPet Frontend Tests  Teste o login clicando no ícone de mensagem e inserindo nome e senha válidos",
              "timedOut": null,
              "duration": 1386,
              "state": "passed",
              "speed": "fast",
              "pass": true,
              "fail": false,
              "pending": false,
              "context": null,
              "code": "cy.get('.header__message').click();\ncy.get('[data-test=\"input-loginEmail\"]').type('gui@hotmail.com');\ncy.get('input[name=\"password\"]').type('@Gui123');\ncy.get('[data-test=\"submit-button\"]').click();",
              "err": {},
              "uuid": "1d6ccbfe-3341-4574-ae05-ea971eb4d668",
              "parentUUID": "f8f0fe49-0f33-4c7a-b188-25c879fa0239",
              "isHook": false,
              "skipped": false
            }
          ],
          "suites": [],
          "passes": [
            "425a9e38-8d70-4cff-9ae1-f5ea59930472",
            "14a5085c-0317-4e60-8899-abd57fbfe7b9",
            "fc752760-7869-4713-b22c-48ba0b9da197",
            "1d6ccbfe-3341-4574-ae05-ea971eb4d668"
          ],
          "failures": [],
          "pending": [],
          "skipped": [],
          "duration": 3030,
          "root": false,
          "rootEmpty": false,
          "_timeout": 2000
        }
      ],
      "passes": [],
      "failures": [],
      "pending": [],
      "skipped": [],
      "duration": 0,
      "root": true,
      "rootEmpty": true,
      "_timeout": 2000
    }
  ],
  "meta": {
    "mocha": {
      "version": "7.0.1"
    },
    "mochawesome": {
      "options": {
        "quiet": false,
        "reportFilename": "mochawesome",
        "saveHtml": false,
        "saveJson": true,
        "consoleReporter": "spec",
        "useInlineDiffs": false,
        "code": true
      },
      "version": "7.1.3"
    },
    "marge": {
      "options": {
        "reportDir": "cypress/results",
        "overwrite": false,
        "html": false,
        "json": true,
        "timestamp": "mmddyyyy_HHMMss"
      },
      "version": "6.2.0"
    }
  }
}