{
  "stats": {
    "suites": 1,
    "tests": 1,
    "passes": 1,
    "pending": 0,
    "failures": 0,
    "start": "2024-11-12T19:09:20.689Z",
    "end": "2024-11-12T19:09:27.539Z",
    "duration": 6850,
    "testsRegistered": 1,
    "passPercent": 100,
    "pendingPercent": 0,
    "other": 0,
    "hasOther": false,
    "skipped": 0,
    "hasSkipped": false
  },
  "results": [
    {
      "uuid": "207f8a14-ca31-4d36-99d0-3a68b577ed96",
      "title": "",
      "fullFile": "cypress\\e2e\\Adopet\\mensagem-envio.cy.js",
      "file": "cypress\\e2e\\Adopet\\mensagem-envio.cy.js",
      "beforeHooks": [],
      "afterHooks": [],
      "tests": [],
      "suites": [
        {
          "uuid": "e1989d43-b8de-4084-8bea-abc61dc489b6",
          "title": "Pagina de mensagem",
          "fullFile": "",
          "file": "",
          "beforeHooks": [],
          "afterHooks": [],
          "tests": [
            {
              "title": "Deve preencher os campos de mensagem corretamente",
              "fullTitle": "Pagina de mensagem Deve preencher os campos de mensagem corretamente",
              "timedOut": null,
              "duration": 5706,
              "state": "passed",
              "speed": "medium",
              "pass": true,
              "fail": false,
              "pending": false,
              "context": null,
              "code": "cy.get('#name').type('Dudu Lins');\ncy.get('#phone').type('81999999999');\ncy.get('#petName').type('Dunga');\ncy.get('#msg').type('Olá, gostaria de adotar o Dunga. Ele ainda está disponível?');\ncy.get('[data-test=\"submit-button\"]').click();",
              "err": {},
              "uuid": "e6a31865-51f7-41d7-a59a-6a3fdd9e7d72",
              "parentUUID": "e1989d43-b8de-4084-8bea-abc61dc489b6",
              "isHook": false,
              "skipped": false
            }
          ],
          "suites": [],
          "passes": [
            "e6a31865-51f7-41d7-a59a-6a3fdd9e7d72"
          ],
          "failures": [],
          "pending": [],
          "skipped": [],
          "duration": 5706,
          "root": false,
          "rootEmpty": false,
          "_timeout": 2000
        }
      ],
      "passes": [],
      "failures": [],
      "pending": [],
      "skipped": [],
      "duration": 0,
      "root": true,
      "rootEmpty": true,
      "_timeout": 2000
    }
  ],
  "meta": {
    "mocha": {
      "version": "7.0.1"
    },
    "mochawesome": {
      "options": {
        "quiet": false,
        "reportFilename": "mochawesome",
        "saveHtml": false,
        "saveJson": true,
        "consoleReporter": "spec",
        "useInlineDiffs": false,
        "code": true
      },
      "version": "7.1.3"
    },
    "marge": {
      "options": {
        "reportDir": "cypress/results",
        "overwrite": false,
        "html": false,
        "json": true,
        "timestamp": "mmddyyyy_HHMMss"
      },
      "version": "6.2.0"
    }
  }
}