{
  "stats": {
    "suites": 1,
    "tests": 8,
    "passes": 8,
    "pending": 0,
    "failures": 0,
    "start": "2024-11-12T19:08:36.827Z",
    "end": "2024-11-12T19:08:41.767Z",
    "duration": 4940,
    "testsRegistered": 8,
    "passPercent": 100,
    "pendingPercent": 0,
    "other": 0,
    "hasOther": false,
    "skipped": 0,
    "hasSkipped": false
  },
  "results": [
    {
      "uuid": "93e541c7-7f1c-4da7-a7a1-eac983a7d0e9",
      "title": "",
      "fullFile": "cypress\\e2e\\Adopet\\atividade.cy.js",
      "file": "cypress\\e2e\\Adopet\\atividade.cy.js",
      "beforeHooks": [],
      "afterHooks": [],
      "tests": [],
      "suites": [
        {
          "uuid": "35499249-2e37-4863-b8d6-c1bb0afd53a2",
          "title": "Atvidade ALURA",
          "fullFile": "",
          "file": "",
          "beforeHooks": [],
          "afterHooks": [],
          "tests": [
            {
              "title": "deve carregar a página corretamente e clicar no botão ‘Ver pets disponíveis para adoção”",
              "fullTitle": "Atvidade ALURA deve carregar a página corretamente e clicar no botão ‘Ver pets disponíveis para adoção”",
              "timedOut": null,
              "duration": 410,
              "state": "passed",
              "speed": "fast",
              "pass": true,
              "fail": false,
              "pending": false,
              "context": null,
              "code": "cy.visit('https://adopet-frontend-cypress.vercel.app/');\ncy.get('.button').click();",
              "err": {},
              "uuid": "9c5f6cd9-ffdc-47e9-a63b-33210e7d4171",
              "parentUUID": "35499249-2e37-4863-b8d6-c1bb0afd53a2",
              "isHook": false,
              "skipped": false
            },
            {
              "title": "Visita a página de principal do AdoPet e testa os botão de home",
              "fullTitle": "Atvidade ALURA Visita a página de principal do AdoPet e testa os botão de home",
              "timedOut": null,
              "duration": 521,
              "state": "passed",
              "speed": "fast",
              "pass": true,
              "fail": false,
              "pending": false,
              "context": null,
              "code": "cy.visit('https://adopet-frontend-cypress.vercel.app/');\ncy.get('.header__home').click();",
              "err": {},
              "uuid": "e71e0719-b696-4e85-b0ee-eb44b9ec0eda",
              "parentUUID": "35499249-2e37-4863-b8d6-c1bb0afd53a2",
              "isHook": false,
              "skipped": false
            },
            {
              "title": "Visita a página de /login do Adopet",
              "fullTitle": "Atvidade ALURA Visita a página de /login do Adopet",
              "timedOut": null,
              "duration": 159,
              "state": "passed",
              "speed": "fast",
              "pass": true,
              "fail": false,
              "pending": false,
              "context": null,
              "code": "cy.visit('https://adopet-frontend-cypress.vercel.app/login');",
              "err": {},
              "uuid": "a98db931-500c-44e9-8508-c26abab18554",
              "parentUUID": "35499249-2e37-4863-b8d6-c1bb0afd53a2",
              "isHook": false,
              "skipped": false
            },
            {
              "title": "Visita a página de /home do Adopet",
              "fullTitle": "Atvidade ALURA Visita a página de /home do Adopet",
              "timedOut": null,
              "duration": 302,
              "state": "passed",
              "speed": "fast",
              "pass": true,
              "fail": false,
              "pending": false,
              "context": null,
              "code": "cy.visit('https://adopet-frontend-cypress.vercel.app/home');",
              "err": {},
              "uuid": "bbf4d37f-cdc6-4d0b-9b3f-042a529f898e",
              "parentUUID": "35499249-2e37-4863-b8d6-c1bb0afd53a2",
              "isHook": false,
              "skipped": false
            },
            {
              "title": "Visita a página de /home do AdoPet e clique no botão “Falar com o responsável”",
              "fullTitle": "Atvidade ALURA Visita a página de /home do AdoPet e clique no botão “Falar com o responsável”",
              "timedOut": null,
              "duration": 322,
              "state": "passed",
              "speed": "fast",
              "pass": true,
              "fail": false,
              "pending": false,
              "context": null,
              "code": "cy.visit('https://adopet-frontend-cypress.vercel.app/home');\ncy.get('.header__message').click();",
              "err": {},
              "uuid": "4539bff1-0694-4f10-abe9-613cdd5e9c5b",
              "parentUUID": "35499249-2e37-4863-b8d6-c1bb0afd53a2",
              "isHook": false,
              "skipped": false
            },
            {
              "title": "Realizo login",
              "fullTitle": "Atvidade ALURA Realizo login",
              "timedOut": null,
              "duration": 1268,
              "state": "passed",
              "speed": "fast",
              "pass": true,
              "fail": false,
              "pending": false,
              "context": null,
              "code": "cy.visit('https://adopet-frontend-cypress.vercel.app/login');\ncy.get('[data-test=\"input-loginEmail\"]').type(\"gui@hotmail.com\");\ncy.get('[data-test=\"input-loginPassword\"]').type(\"@Gui123\");\ncy.get('[data-test=\"submit-button\"]').click();",
              "err": {},
              "uuid": "afee1422-fd44-415b-bd40-8c84636411f2",
              "parentUUID": "35499249-2e37-4863-b8d6-c1bb0afd53a2",
              "isHook": false,
              "skipped": false
            },
            {
              "title": "Verifica se o título da página inicial está correto",
              "fullTitle": "Atvidade ALURA Verifica se o título da página inicial está correto",
              "timedOut": null,
              "duration": 188,
              "state": "passed",
              "speed": "fast",
              "pass": true,
              "fail": false,
              "pending": false,
              "context": null,
              "code": "cy.visit('https://adopet-frontend-cypress.vercel.app/');\ncy.title().should('eq', 'AdoPet');",
              "err": {},
              "uuid": "8378c67a-12fb-47f0-9541-8a75d499b883",
              "parentUUID": "35499249-2e37-4863-b8d6-c1bb0afd53a2",
              "isHook": false,
              "skipped": false
            },
            {
              "title": "Verifica se o botão de login está visível na página inicial",
              "fullTitle": "Atvidade ALURA Verifica se o botão de login está visível na página inicial",
              "timedOut": null,
              "duration": 560,
              "state": "passed",
              "speed": "fast",
              "pass": true,
              "fail": false,
              "pending": false,
              "context": null,
              "code": "cy.visit('https://adopet-frontend-cypress.vercel.app/');\ncy.get('[data-test=\"login-button\"]').should('be.visible');",
              "err": {},
              "uuid": "6dc95851-f894-405a-9008-cff26fc336b5",
              "parentUUID": "35499249-2e37-4863-b8d6-c1bb0afd53a2",
              "isHook": false,
              "skipped": false
            }
          ],
          "suites": [],
          "passes": [
            "9c5f6cd9-ffdc-47e9-a63b-33210e7d4171",
            "e71e0719-b696-4e85-b0ee-eb44b9ec0eda",
            "a98db931-500c-44e9-8508-c26abab18554",
            "bbf4d37f-cdc6-4d0b-9b3f-042a529f898e",
            "4539bff1-0694-4f10-abe9-613cdd5e9c5b",
            "afee1422-fd44-415b-bd40-8c84636411f2",
            "8378c67a-12fb-47f0-9541-8a75d499b883",
            "6dc95851-f894-405a-9008-cff26fc336b5"
          ],
          "failures": [],
          "pending": [],
          "skipped": [],
          "duration": 3730,
          "root": false,
          "rootEmpty": false,
          "_timeout": 2000
        }
      ],
      "passes": [],
      "failures": [],
      "pending": [],
      "skipped": [],
      "duration": 0,
      "root": true,
      "rootEmpty": true,
      "_timeout": 2000
    }
  ],
  "meta": {
    "mocha": {
      "version": "7.0.1"
    },
    "mochawesome": {
      "options": {
        "quiet": false,
        "reportFilename": "mochawesome",
        "saveHtml": false,
        "saveJson": true,
        "consoleReporter": "spec",
        "useInlineDiffs": false,
        "code": true
      },
      "version": "7.1.3"
    },
    "marge": {
      "options": {
        "reportDir": "cypress/results",
        "overwrite": false,
        "html": false,
        "json": true,
        "timestamp": "mmddyyyy_HHMMss"
      },
      "version": "6.2.0"
    }
  }
}