{
  "stats": {
    "suites": 1,
    "tests": 2,
    "passes": 2,
    "pending": 0,
    "failures": 0,
    "start": "2024-11-12T19:09:14.829Z",
    "end": "2024-11-12T19:09:19.500Z",
    "duration": 4671,
    "testsRegistered": 2,
    "passPercent": 100,
    "pendingPercent": 0,
    "other": 0,
    "hasOther": false,
    "skipped": 0,
    "hasSkipped": false
  },
  "results": [
    {
      "uuid": "552b60d7-3344-4152-a303-105a4fdc0237",
      "title": "",
      "fullFile": "cypress\\e2e\\Adopet\\login-incorreto.cy.js",
      "file": "cypress\\e2e\\Adopet\\login-incorreto.cy.js",
      "beforeHooks": [],
      "afterHooks": [],
      "tests": [],
      "suites": [
        {
          "uuid": "8e924575-f9d9-4cdb-91c6-c632a4304054",
          "title": "Pagina de login",
          "fullFile": "",
          "file": "",
          "beforeHooks": [],
          "afterHooks": [],
          "tests": [
            {
              "title": "Deve preencher os campos do login incorretamente para logar um novo usuário",
              "fullTitle": "Pagina de login Deve preencher os campos do login incorretamente para logar um novo usuário",
              "timedOut": null,
              "duration": 1518,
              "state": "passed",
              "speed": "fast",
              "pass": true,
              "fail": false,
              "pending": false,
              "context": null,
              "code": "cy.loginAdopet('guihotmail.com', 'hui123');\ncy.contains('Por favor, verifique o email digitado').should('be.visible');\ncy.contains('A senha deve conter pelo menos uma letra maiúscula, um número e ter entre 6 e 15 caracteres').should('be.visible');",
              "err": {},
              "uuid": "65763a93-06eb-4cb1-9321-19b611de6d4b",
              "parentUUID": "8e924575-f9d9-4cdb-91c6-c632a4304054",
              "isHook": false,
              "skipped": false
            },
            {
              "title": "Deve falhar mesmo que os campos sejam preenchidos corretamente",
              "fullTitle": "Pagina de login Deve falhar mesmo que os campos sejam preenchidos corretamente",
              "timedOut": null,
              "duration": 2102,
              "state": "passed",
              "speed": "fast",
              "pass": true,
              "fail": false,
              "pending": false,
              "context": null,
              "code": "cy.loginAdopet('joao@hotmail.com', 'Joao123');\ncy.wait('@stubPost');\ncy.contains('Falha no login. Consulte suas credenciais.').should('be.visible');",
              "err": {},
              "uuid": "87d7c729-70a0-4417-92ff-d4254c3778f7",
              "parentUUID": "8e924575-f9d9-4cdb-91c6-c632a4304054",
              "isHook": false,
              "skipped": false
            }
          ],
          "suites": [],
          "passes": [
            "65763a93-06eb-4cb1-9321-19b611de6d4b",
            "87d7c729-70a0-4417-92ff-d4254c3778f7"
          ],
          "failures": [],
          "pending": [],
          "skipped": [],
          "duration": 3620,
          "root": false,
          "rootEmpty": false,
          "_timeout": 2000
        }
      ],
      "passes": [],
      "failures": [],
      "pending": [],
      "skipped": [],
      "duration": 0,
      "root": true,
      "rootEmpty": true,
      "_timeout": 2000
    }
  ],
  "meta": {
    "mocha": {
      "version": "7.0.1"
    },
    "mochawesome": {
      "options": {
        "quiet": false,
        "reportFilename": "mochawesome",
        "saveHtml": false,
        "saveJson": true,
        "consoleReporter": "spec",
        "useInlineDiffs": false,
        "code": true
      },
      "version": "7.1.3"
    },
    "marge": {
      "options": {
        "reportDir": "cypress/results",
        "overwrite": false,
        "html": false,
        "json": true,
        "timestamp": "mmddyyyy_HHMMss"
      },
      "version": "6.2.0"
    }
  }
}