{
  "stats": {
    "suites": 1,
    "tests": 6,
    "passes": 6,
    "pending": 0,
    "failures": 0,
    "start": "2024-11-12T19:08:53.016Z",
    "end": "2024-11-12T19:09:09.644Z",
    "duration": 16628,
    "testsRegistered": 6,
    "passPercent": 100,
    "pendingPercent": 0,
    "other": 0,
    "hasOther": false,
    "skipped": 0,
    "hasSkipped": false
  },
  "results": [
    {
      "uuid": "5630a5c7-30bf-49e7-a295-76eae73738de",
      "title": "",
      "fullFile": "cypress\\e2e\\Adopet\\cadastro-massa.cy.js",
      "file": "cypress\\e2e\\Adopet\\cadastro-massa.cy.js",
      "beforeHooks": [],
      "afterHooks": [],
      "tests": [],
      "suites": [
        {
          "uuid": "79fd3adb-e89a-4f31-8159-5189032d86cb",
          "title": "Pagina de cadastro",
          "fullFile": "",
          "file": "",
          "beforeHooks": [],
          "afterHooks": [],
          "tests": [
            {
              "title": "Deve preencher os campos do formulário corretamente para cadastrar um novo usuário",
              "fullTitle": "Pagina de cadastro Deve preencher os campos do formulário corretamente para cadastrar um novo usuário",
              "timedOut": null,
              "duration": 3422,
              "state": "passed",
              "speed": "fast",
              "pass": true,
              "fail": false,
              "pending": false,
              "context": null,
              "code": "cy.cadastrar(usuarios.name, usuarios.email, usuarios.password);",
              "err": {},
              "uuid": "a1f3d858-c771-4c87-ad52-7a9b31162eb8",
              "parentUUID": "79fd3adb-e89a-4f31-8159-5189032d86cb",
              "isHook": false,
              "skipped": false
            },
            {
              "title": "Deve preencher os campos do formulário corretamente para cadastrar um novo usuário",
              "fullTitle": "Pagina de cadastro Deve preencher os campos do formulário corretamente para cadastrar um novo usuário",
              "timedOut": null,
              "duration": 2491,
              "state": "passed",
              "speed": "fast",
              "pass": true,
              "fail": false,
              "pending": false,
              "context": null,
              "code": "cy.cadastrar(usuarios.name, usuarios.email, usuarios.password);",
              "err": {},
              "uuid": "1f6e77f7-9a70-44ab-92cd-1c6e081abd5b",
              "parentUUID": "79fd3adb-e89a-4f31-8159-5189032d86cb",
              "isHook": false,
              "skipped": false
            },
            {
              "title": "Deve preencher os campos do formulário corretamente para cadastrar um novo usuário",
              "fullTitle": "Pagina de cadastro Deve preencher os campos do formulário corretamente para cadastrar um novo usuário",
              "timedOut": null,
              "duration": 2494,
              "state": "passed",
              "speed": "fast",
              "pass": true,
              "fail": false,
              "pending": false,
              "context": null,
              "code": "cy.cadastrar(usuarios.name, usuarios.email, usuarios.password);",
              "err": {},
              "uuid": "ed902bec-2cf6-4740-b9a5-566d51f3cff2",
              "parentUUID": "79fd3adb-e89a-4f31-8159-5189032d86cb",
              "isHook": false,
              "skipped": false
            },
            {
              "title": "Deve preencher os campos do formulário corretamente para cadastrar um novo usuário",
              "fullTitle": "Pagina de cadastro Deve preencher os campos do formulário corretamente para cadastrar um novo usuário",
              "timedOut": null,
              "duration": 2335,
              "state": "passed",
              "speed": "fast",
              "pass": true,
              "fail": false,
              "pending": false,
              "context": null,
              "code": "cy.cadastrar(usuarios.name, usuarios.email, usuarios.password);",
              "err": {},
              "uuid": "b0fbb13c-8fc5-4683-a1e6-d098a00dd96a",
              "parentUUID": "79fd3adb-e89a-4f31-8159-5189032d86cb",
              "isHook": false,
              "skipped": false
            },
            {
              "title": "Deve preencher os campos do formulário corretamente para cadastrar um novo usuário",
              "fullTitle": "Pagina de cadastro Deve preencher os campos do formulário corretamente para cadastrar um novo usuário",
              "timedOut": null,
              "duration": 2324,
              "state": "passed",
              "speed": "fast",
              "pass": true,
              "fail": false,
              "pending": false,
              "context": null,
              "code": "cy.cadastrar(usuarios.name, usuarios.email, usuarios.password);",
              "err": {},
              "uuid": "0db6043a-be55-4108-bba6-b24e443b2e80",
              "parentUUID": "79fd3adb-e89a-4f31-8159-5189032d86cb",
              "isHook": false,
              "skipped": false
            },
            {
              "title": "Deve preencher os campos do formulário corretamente para cadastrar um novo usuário",
              "fullTitle": "Pagina de cadastro Deve preencher os campos do formulário corretamente para cadastrar um novo usuário",
              "timedOut": null,
              "duration": 2433,
              "state": "passed",
              "speed": "fast",
              "pass": true,
              "fail": false,
              "pending": false,
              "context": null,
              "code": "cy.cadastrar(usuarios.name, usuarios.email, usuarios.password);",
              "err": {},
              "uuid": "6cc9617a-5a28-48ca-8db8-07e13e88c32d",
              "parentUUID": "79fd3adb-e89a-4f31-8159-5189032d86cb",
              "isHook": false,
              "skipped": false
            }
          ],
          "suites": [],
          "passes": [
            "a1f3d858-c771-4c87-ad52-7a9b31162eb8",
            "1f6e77f7-9a70-44ab-92cd-1c6e081abd5b",
            "ed902bec-2cf6-4740-b9a5-566d51f3cff2",
            "b0fbb13c-8fc5-4683-a1e6-d098a00dd96a",
            "0db6043a-be55-4108-bba6-b24e443b2e80",
            "6cc9617a-5a28-48ca-8db8-07e13e88c32d"
          ],
          "failures": [],
          "pending": [],
          "skipped": [],
          "duration": 15499,
          "root": false,
          "rootEmpty": false,
          "_timeout": 2000
        }
      ],
      "passes": [],
      "failures": [],
      "pending": [],
      "skipped": [],
      "duration": 0,
      "root": true,
      "rootEmpty": true,
      "_timeout": 2000
    }
  ],
  "meta": {
    "mocha": {
      "version": "7.0.1"
    },
    "mochawesome": {
      "options": {
        "quiet": false,
        "reportFilename": "mochawesome",
        "saveHtml": false,
        "saveJson": true,
        "consoleReporter": "spec",
        "useInlineDiffs": false,
        "code": true
      },
      "version": "7.1.3"
    },
    "marge": {
      "options": {
        "reportDir": "cypress/results",
        "overwrite": false,
        "html": false,
        "json": true,
        "timestamp": "mmddyyyy_HHMMss"
      },
      "version": "6.2.0"
    }
  }
}